2026 - 02 - 11 | 14 - 40 - WARNING - H
2026:02:11 - 14:40 | WARNING | H
DATE:2026:02:11 - 14:40 | LEVEL:WARNING | MSG:H
DATE:2026 - 02 - 11  14:41 | LEVEL:WARNING | MSG:H
DATE:2026 - 02 - 11 14:41 | LEVEL:WARNING | MSG:H
DATE:2026 - 02 - 11 14:43 | LEVEL:WARNING | MSG:H
DATE:2026 - 02 - 11 14:43 | LEVEL:INFO | MSG:H
DATE: 2026 - 02 - 11 14:43 | LEVEL: WARNING | MSG: H
DATE: 2026 - 02 - 11 14:43 | LEVEL: INFO | MSG: H
DATE: 2026 - 02 - 11 20:29 | LEVEL: INFO | MSG: H
DATE: 2026 - 02 - 11 20:31 | LEVEL: INFO | MSG: H
DATE: 2026 - 02 - 11 20:31 | LEVEL: INFO | MSG: Currently in Arknights
DATE: 2026 - 02 - 11 20:31 | LEVEL: INFO | MSG: Currently in Arknights
DATE: 2026 - 02 - 11 20:31 | LEVEL: INFO | MSG: Appending [Side Story – Crossover] Somniloquium Serenum to row_data...
DATE: 2026 - 02 - 11 20:31 | LEVEL: INFO | MSG: Appending [Side Story – Crossover] Somniloquium Serenum to row_data...
DATE: 2026 - 02 - 11 20:31 | LEVEL: INFO | MSG: Appending CN:2025/09/04 – 2025/09/18Global:2026/02/10 – 2026/02/24 to row_data...
DATE: 2026 - 02 - 11 20:31 | LEVEL: INFO | MSG: Appending CN:2025/09/04 – 2025/09/18Global:2026/02/10 – 2026/02/24 to row_data...
DATE: 2026 - 02 - 11 20:31 | LEVEL: INFO | MSG: Appending Duel Channel: Honeydew to row_data...
DATE: 2026 - 02 - 11 20:31 | LEVEL: INFO | MSG: Appending Duel Channel: Honeydew to row_data...
DATE: 2026 - 02 - 11 20:31 | LEVEL: INFO | MSG: Appending CN:2025/08/28 – 2025/09/14Global:2026/02/03 – 2026/02/17 to row_data...
DATE: 2026 - 02 - 11 20:31 | LEVEL: INFO | MSG: Appending CN:2025/08/28 – 2025/09/14Global:2026/02/03 – 2026/02/17 to row_data...
DATE: 2026 - 02 - 11 20:31 | LEVEL: INFO | MSG: Current event: [Side Story – Crossover] Somniloquium Serenum
DATE: 2026 - 02 - 11 20:31 | LEVEL: INFO | MSG: Current event: [Side Story – Crossover] Somniloquium Serenum
DATE: 2026 - 02 - 11 20:31 | LEVEL: INFO | MSG: Matching Somniloquium Serenum to [Side Story – Crossover] Somniloquium Serenum
DATE: 2026 - 02 - 11 20:31 | LEVEL: INFO | MSG: Matching Somniloquium Serenum to [Side Story – Crossover] Somniloquium Serenum
DATE: 2026 - 02 - 11 20:31 | LEVEL: INFO | MSG: Matched Somniloquium Serenum to [Side Story – Crossover] Somniloquium Serenum.
DATE: 2026 - 02 - 11 20:31 | LEVEL: INFO | MSG: Matched Somniloquium Serenum to [Side Story – Crossover] Somniloquium Serenum.
DATE: 2026 - 02 - 11 20:31 | LEVEL: INFO | MSG: Saved as: Somniloquium Serenum and https://arknights.wiki.gg/images/EN_Somniloquium_Serenum_banner.png?3cb24a
DATE: 2026 - 02 - 11 20:31 | LEVEL: INFO | MSG: Saved as: Somniloquium Serenum and https://arknights.wiki.gg/images/EN_Somniloquium_Serenum_banner.png?3cb24a
DATE: 2026 - 02 - 11 20:31 | LEVEL: INFO | MSG: Current event: Duel Channel: Honeydew
DATE: 2026 - 02 - 11 20:31 | LEVEL: INFO | MSG: Current event: Duel Channel: Honeydew
DATE: 2026 - 02 - 11 20:31 | LEVEL: INFO | MSG: Matching Somniloquium Serenum to Duel Channel Honeydew
DATE: 2026 - 02 - 11 20:31 | LEVEL: INFO | MSG: Matching Somniloquium Serenum to Duel Channel Honeydew
DATE: 2026 - 02 - 11 20:31 | LEVEL: INFO | MSG: Matching Duel Channel Honeydew to Duel Channel Honeydew
DATE: 2026 - 02 - 11 20:31 | LEVEL: INFO | MSG: Matching Duel Channel Honeydew to Duel Channel Honeydew
DATE: 2026 - 02 - 11 20:31 | LEVEL: INFO | MSG: Matched Duel Channel Honeydew to Duel Channel Honeydew.
DATE: 2026 - 02 - 11 20:31 | LEVEL: INFO | MSG: Matched Duel Channel Honeydew to Duel Channel Honeydew.
DATE: 2026 - 02 - 11 20:31 | LEVEL: INFO | MSG: Saved as: Duel Channel Honeydew and https://arknights.wiki.gg/images/EN_Duel_Channel_Honeydew_banner.png?4bff78
DATE: 2026 - 02 - 11 20:31 | LEVEL: INFO | MSG: Saved as: Duel Channel Honeydew and https://arknights.wiki.gg/images/EN_Duel_Channel_Honeydew_banner.png?4bff78
DATE: 2026 - 02 - 11 20:31 | LEVEL: INFO | MSG: Sent: [Side Story – Crossover] Somniloquium Serenum
DATE: 2026 - 02 - 11 20:31 | LEVEL: INFO | MSG: Sent: [Side Story – Crossover] Somniloquium Serenum
DATE: 2026 - 02 - 11 20:31 | LEVEL: INFO | MSG: Sent: Duel Channel: Honeydew
DATE: 2026 - 02 - 11 20:31 | LEVEL: INFO | MSG: Sent: Duel Channel: Honeydew
DATE: 2026 - 02 - 11 20:36 | LEVEL: INFO | MSG: Currently in Arknights
DATE: 2026 - 02 - 11 20:36 | LEVEL: INFO | MSG: Appending [Side Story – Crossover] Somniloquium Serenum to row_data...
DATE: 2026 - 02 - 11 20:36 | LEVEL: INFO | MSG: Appending CN:2025/09/04 – 2025/09/18Global:2026/02/10 – 2026/02/24 to row_data...
DATE: 2026 - 02 - 11 20:36 | LEVEL: INFO | MSG: Appending Duel Channel: Honeydew to row_data...
DATE: 2026 - 02 - 11 20:36 | LEVEL: INFO | MSG: Appending CN:2025/08/28 – 2025/09/14Global:2026/02/03 – 2026/02/17 to row_data...
DATE: 2026 - 02 - 11 20:36 | LEVEL: INFO | MSG: Current event: [Side Story – Crossover] Somniloquium Serenum
DATE: 2026 - 02 - 11 20:36 | LEVEL: INFO | MSG: Matching Somniloquium Serenum to [Side Story – Crossover] Somniloquium Serenum
DATE: 2026 - 02 - 11 20:36 | LEVEL: INFO | MSG: Matched Somniloquium Serenum to [Side Story – Crossover] Somniloquium Serenum.
DATE: 2026 - 02 - 11 20:36 | LEVEL: INFO | MSG: Saved as: Somniloquium Serenum and https://arknights.wiki.gg/images/EN_Somniloquium_Serenum_banner.png?3cb24a
DATE: 2026 - 02 - 11 20:36 | LEVEL: INFO | MSG: Current event: Duel Channel: Honeydew
DATE: 2026 - 02 - 11 20:36 | LEVEL: INFO | MSG: Matching Somniloquium Serenum to Duel Channel Honeydew
DATE: 2026 - 02 - 11 20:36 | LEVEL: INFO | MSG: Matching Duel Channel Honeydew to Duel Channel Honeydew
DATE: 2026 - 02 - 11 20:36 | LEVEL: INFO | MSG: Matched Duel Channel Honeydew to Duel Channel Honeydew.
DATE: 2026 - 02 - 11 20:36 | LEVEL: INFO | MSG: Saved as: Duel Channel Honeydew and https://arknights.wiki.gg/images/EN_Duel_Channel_Honeydew_banner.png?4bff78
DATE: 2026 - 02 - 11 20:36 | LEVEL: INFO | MSG: Sent: [Side Story – Crossover] Somniloquium Serenum
DATE: 2026 - 02 - 11 20:36 | LEVEL: INFO | MSG: Sent: Duel Channel: Honeydew
